[debug] [2025-01-15T23:37:00.193Z] ----------------------------------------------------------------------
[debug] [2025-01-15T23:37:00.195Z] Command:       C:\Program Files\nodejs\node.exe C:\Users\kadeno\AppData\Roaming\npm\node_modules\firebase-tools\lib\bin\firebase.js init hosting
[debug] [2025-01-15T23:37:00.195Z] CLI Version:   13.29.1
[debug] [2025-01-15T23:37:00.195Z] Platform:      win32
[debug] [2025-01-15T23:37:00.196Z] Node Version:  v20.17.0
[debug] [2025-01-15T23:37:00.196Z] Time:          Wed Jan 15 2025 17:37:00 GMT-0600 (Central Standard Time)
[debug] [2025-01-15T23:37:00.196Z] ----------------------------------------------------------------------
[debug] 
[debug] [2025-01-15T23:37:00.198Z] >>> [apiv2][query] GET https://firebase-public.firebaseio.com/cli.json [none]
[debug] [2025-01-15T23:37:00.287Z] > command requires scopes: ["email","openid","https://www.googleapis.com/auth/cloudplatformprojects.readonly","https://www.googleapis.com/auth/firebase","https://www.googleapis.com/auth/cloud-platform"]
[debug] [2025-01-15T23:37:00.287Z] > authorizing via signed-in user (kaden.okonek@gmail.com)
[info] 
     ######## #### ########  ######## ########     ###     ######  ########
     ##        ##  ##     ## ##       ##     ##  ##   ##  ##       ##
     ######    ##  ########  ######   ########  #########  ######  ######
     ##        ##  ##    ##  ##       ##     ## ##     ##       ## ##
     ##       #### ##     ## ######## ########  ##     ##  ######  ########

You're about to initialize a Firebase project in this directory:

  C:\Users\kadeno\source\Repos\fairtech-spring25

Before we get started, keep in mind:

  * You are initializing within an existing Firebase project directory

[debug] [2025-01-15T23:37:00.391Z] <<< [apiv2][status] GET https://firebase-public.firebaseio.com/cli.json 200
[debug] [2025-01-15T23:37:00.392Z] <<< [apiv2][body] GET https://firebase-public.firebaseio.com/cli.json {"cloudBuildErrorAfter":1594252800000,"cloudBuildWarnAfter":1590019200000,"defaultNode10After":1594252800000,"minVersion":"3.0.5","node8DeploysDisabledAfter":1613390400000,"node8RuntimeDisabledAfter":1615809600000,"node8WarnAfter":1600128000000}
[info] 
=== Project Setup
[info] 
[info] First, let's associate this project directory with a Firebase project.
[info] You can create multiple project aliases by running firebase use --add, 
[info] but for now we'll just set up a default project.
[info] 
[debug] [2025-01-15T23:37:13.239Z] Using project from CLI flag: fairtechweb-dd440
[debug] [2025-01-15T23:37:13.240Z] Checked if tokens are valid: false, expires at: 1727219098344
[debug] [2025-01-15T23:37:13.240Z] Checked if tokens are valid: false, expires at: 1727219098344
[debug] [2025-01-15T23:37:13.241Z] > refreshing access token with scopes: []
[debug] [2025-01-15T23:37:13.242Z] >>> [apiv2][query] POST https://www.googleapis.com/oauth2/v3/token [none]
[debug] [2025-01-15T23:37:13.242Z] >>> [apiv2][body] POST https://www.googleapis.com/oauth2/v3/token [omitted]
[debug] [2025-01-15T23:37:13.482Z] <<< [apiv2][status] POST https://www.googleapis.com/oauth2/v3/token 200
[debug] [2025-01-15T23:37:13.482Z] <<< [apiv2][body] POST https://www.googleapis.com/oauth2/v3/token [omitted]
[debug] [2025-01-15T23:37:13.493Z] >>> [apiv2][query] GET https://firebase.googleapis.com/v1beta1/projects/fairtechweb-dd440 [none]
[debug] [2025-01-15T23:37:13.753Z] <<< [apiv2][status] GET https://firebase.googleapis.com/v1beta1/projects/fairtechweb-dd440 200
[debug] [2025-01-15T23:37:13.753Z] <<< [apiv2][body] GET https://firebase.googleapis.com/v1beta1/projects/fairtechweb-dd440 {"projectId":"fairtechweb-dd440","projectNumber":"4896251289","displayName":"FairTechWeb","name":"projects/fairtechweb-dd440","resources":{"hostingSite":"fairtechweb-dd440","storageBucket":"fairtechweb-dd440.appspot.com","locationId":"us-central"},"state":"ACTIVE","etag":"1_6ed7ce44-d947-424f-a433-02f5a1f0746e"}
[info] i  Using project fairtechweb-dd440 (FairTechWeb) 
[info] 
=== Hosting Setup
[debug] [2025-01-15T23:37:13.760Z] Checked if tokens are valid: true, expires at: 1736987832482
[debug] [2025-01-15T23:37:13.761Z] Checked if tokens are valid: true, expires at: 1736987832482
[debug] [2025-01-15T23:37:13.761Z] >>> [apiv2][query] GET https://firebase.googleapis.com/v1beta1/projects/fairtechweb-dd440 [none]
[debug] [2025-01-15T23:37:13.903Z] <<< [apiv2][status] GET https://firebase.googleapis.com/v1beta1/projects/fairtechweb-dd440 200
[debug] [2025-01-15T23:37:13.904Z] <<< [apiv2][body] GET https://firebase.googleapis.com/v1beta1/projects/fairtechweb-dd440 {"projectId":"fairtechweb-dd440","projectNumber":"4896251289","displayName":"FairTechWeb","name":"projects/fairtechweb-dd440","resources":{"hostingSite":"fairtechweb-dd440","storageBucket":"fairtechweb-dd440.appspot.com","locationId":"us-central"},"state":"ACTIVE","etag":"1_6ed7ce44-d947-424f-a433-02f5a1f0746e"}
[info] 
[info] Your public directory is the folder (relative to your project directory) that
[info] will contain Hosting assets to be uploaded with firebase deploy. If you
[info] have a build process for your assets, use your build's output directory.
[info] 
